<?xml version="1.0" encoding="UTF-8"?>
<testng-results ignored="0" total="1" passed="1" failed="0" skipped="0">
  <reporter-output>
  </reporter-output>
  <suite started-at="2024-09-06T10:10:49 IST" name="Default suite" finished-at="2024-09-06T10:11:02 IST" duration-ms="12728">
    <groups>
    </groups>
    <test started-at="2024-09-06T10:10:49 IST" name="Default test" finished-at="2024-09-06T10:11:02 IST" duration-ms="12728">
      <class name="com.opencart.testlayer.AddressTest">
        <test-method is-config="true" signature="start()[pri:0, instance:com.opencart.testlayer.AddressTest@2e005c4b]" started-at="2024-09-06T10:10:49 IST" name="start" finished-at="2024-09-06T10:10:49 IST" duration-ms="129" status="PASS">
          <reporter-output>
          </reporter-output>
        </test-method> <!-- start -->
        <test-method is-config="true" signature="setUp()[pri:0, instance:com.opencart.testlayer.AddressTest@2e005c4b]" started-at="2024-09-06T10:10:49 IST" name="setUp" finished-at="2024-09-06T10:10:55 IST" duration-ms="5704" status="PASS">
          <reporter-output>
          </reporter-output>
        </test-method> <!-- setUp -->
        <test-method signature="verifyAddingNewAddress()[pri:0, instance:com.opencart.testlayer.AddressTest@2e005c4b]" started-at="2024-09-06T10:10:55 IST" name="verifyAddingNewAddress" finished-at="2024-09-06T10:11:01 IST" duration-ms="5936" status="PASS">
          <reporter-output>
          </reporter-output>
        </test-method> <!-- verifyAddingNewAddress -->
        <test-method is-config="true" signature="tearDown()[pri:0, instance:com.opencart.testlayer.AddressTest@2e005c4b]" started-at="2024-09-06T10:11:01 IST" name="tearDown" finished-at="2024-09-06T10:11:02 IST" duration-ms="899" status="PASS">
          <reporter-output>
          </reporter-output>
        </test-method> <!-- tearDown -->
        <test-method is-config="true" signature="finish()[pri:0, instance:com.opencart.testlayer.AddressTest@2e005c4b]" started-at="2024-09-06T10:11:02 IST" name="finish" finished-at="2024-09-06T10:11:02 IST" duration-ms="1" status="PASS">
          <reporter-output>
          </reporter-output>
        </test-method> <!-- finish -->
      </class> <!-- com.opencart.testlayer.AddressTest -->
    </test> <!-- Default test -->
  </suite> <!-- Default suite -->
</testng-results>
