<?xml version="1.0" encoding="UTF-8"?>
<!-- Generated by org.testng.reporters.JUnitXMLReporter -->
<testsuite ignored="0" hostname="DESKTOP-1CCS179" failures="0" tests="2" name="Default test" time="22.313" errors="0" timestamp="2024-09-06T10:08:02 IST">
  <testcase classname="com.opencart.testlayer.RegisterTest" name="verifyRegisterWithAlreadyExistingEmail" time="2.396"/>
  <testcase classname="com.opencart.testlayer.RegisterTest" name="verifyRegisterWithValidDetails" time="5.414"/>
</testsuite> <!-- Default test -->
