<?xml version="1.0" encoding="UTF-8"?>
<!-- Generated by org.testng.reporters.JUnitXMLReporter -->
<testsuite ignored="0" hostname="DESKTOP-1CCS179" failures="0" tests="2" name="Default test" time="30.593" errors="0" timestamp="2024-09-06T10:01:44 IST">
  <testcase classname="com.opencart.testlayer.LoginTest" name="verifyLoginWithInValidDetails" time="2.114"/>
  <testcase classname="com.opencart.testlayer.LoginTest" name="verifyLoginWithValidDetails" time="2.088"/>
</testsuite> <!-- Default test -->
